<?xml version="1.0" encoding="UTF-8"?>
<!-- Generated by org.testng.reporters.JUnitReportReporter -->
<testsuite hostname="my" failures="0" tests="1" name="com.nopCommerceV1.testCases.TC_LoginTest_001" time="34.971" errors="0" timestamp="24 Mar 2019 14:34:03 GMT" skipped="0">
  <testcase classname="com.nopCommerceV1.testCases.TC_LoginTest_001" name="loginTest" time="34.971"/>
</testsuite> <!-- com.nopCommerceV1.testCases.TC_LoginTest_001 -->
